Seq Scan on title t  (cost=0.00..73925.90 rows=4148 width=94) (actual time=0.027..1171.290 rows=9434 loops=1)
  Filter: ((kind_id < 7) AND (production_year < 1902))
  Rows Removed by Filter: 2518878
Planning time: 0.489 ms
Execution time: 1171.930 ms
